<?xml version="1.0" encoding="UTF-8"?>
<!-- Generated by org.testng.reporters.JUnitReportReporter -->
<testsuite hostname="DESKTOP-GETU7MI" failures="0" tests="1" name="com.pedigree.genericlib.BaseClass" time="0.008" errors="0" timestamp="12 Nov 2019 09:47:01 GMT">
  <testcase classname="com.pedigree.genericlib.BaseClass" name="test" time="0.008"/>
</testsuite> <!-- com.pedigree.genericlib.BaseClass -->
