<?xml version="1.0" encoding="UTF-8"?>
<!-- Generated by org.testng.reporters.JUnitReportReporter -->
<testsuite hostname="DESKTOP-GETU7MI" failures="0" tests="1" name="com.pedigree.test.PedigreeTest" time="30.526" errors="0" timestamp="19 Nov 2019 18:48:54 GMT">
  <testcase classname="com.pedigree.test.PedigreeTest" name="result" time="30.526"/>
</testsuite> <!-- com.pedigree.test.PedigreeTest -->
